<?xml version="1.0" encoding="UTF-8" ?>
<testsuite tests="3" failures="0" name="com.dunzo.service.CoffeeMachineServiceTest" time="8.065" errors="0" skipped="0">
  <properties>
[...]
</properties>
  <testcase classname="com.dunzo.service.CoffeeMachineServiceTest" name="testCase_1" time="2.033"/>
  <testcase classname="com.dunzo.service.CoffeeMachineServiceTest" name="testCase_2" time="4.021"/>
  <testcase classname="com.dunzo.service.CoffeeMachineServiceTest" name="testCase_3" time="2.011"/>
</testsuite>